TN:
SF:public\electron.js
FN:16,(anonymous_0)
FN:22,(anonymous_1)
FN:33,(anonymous_2)
FN:41,(anonymous_3)
FN:45,(anonymous_4)
FN:60,createWindow
FN:79,(anonymous_6)
FN:96,(anonymous_7)
FN:101,(anonymous_8)
FN:107,(anonymous_9)
FN:114,(anonymous_10)
FN:117,(anonymous_11)
FN:125,(anonymous_12)
FN:130,(anonymous_13)
FN:137,(anonymous_14)
FN:147,(anonymous_15)
FN:171,(anonymous_16)
FN:192,(anonymous_17)
FN:204,(anonymous_18)
FNF:19
FNH:13
FNDA:9,(anonymous_0)
FNDA:9,(anonymous_1)
FNDA:2,(anonymous_2)
FNDA:2,(anonymous_3)
FNDA:2,(anonymous_4)
FNDA:9,createWindow
FNDA:0,(anonymous_6)
FNDA:0,(anonymous_7)
FNDA:0,(anonymous_8)
FNDA:0,(anonymous_9)
FNDA:9,(anonymous_10)
FNDA:0,(anonymous_11)
FNDA:2,(anonymous_12)
FNDA:1,(anonymous_13)
FNDA:1,(anonymous_14)
FNDA:1,(anonymous_15)
FNDA:1,(anonymous_16)
FNDA:0,(anonymous_17)
FNDA:1,(anonymous_18)
DA:1,9
DA:2,9
DA:3,9
DA:4,9
DA:5,9
DA:6,9
DA:9,9
DA:10,0
DA:11,0
DA:17,9
DA:18,9
DA:19,9
DA:23,9
DA:24,9
DA:28,0
DA:29,0
DA:34,2
DA:35,2
DA:37,0
DA:42,2
DA:46,2
DA:47,2
DA:52,9
DA:62,9
DA:79,9
DA:80,0
DA:84,9
DA:89,9
DA:92,9
DA:93,0
DA:96,0
DA:97,0
DA:101,0
DA:102,0
DA:107,9
DA:108,0
DA:114,9
DA:115,9
DA:117,9
DA:120,0
DA:125,9
DA:126,2
DA:130,9
DA:131,1
DA:137,9
DA:138,1
DA:139,1
DA:140,1
DA:142,0
DA:143,0
DA:147,9
DA:148,1
DA:149,1
DA:152,1
DA:154,1
DA:155,1
DA:161,0
DA:168,1
DA:171,9
DA:172,1
DA:176,1
DA:177,1
DA:185,1
DA:186,1
DA:192,1
DA:193,0
DA:197,1
DA:199,0
DA:200,0
DA:204,9
DA:205,1
DA:206,1
DA:207,1
DA:209,0
DA:210,0
LF:75
LH:54
BRDA:9,0,0,0
BRDA:9,0,1,9
BRDA:24,1,0,0
BRDA:24,1,1,9
BRDA:42,2,0,2
BRDA:42,2,1,0
BRDA:53,3,0,9
BRDA:53,3,1,9
BRDA:84,4,0,9
BRDA:84,4,1,0
BRDA:92,5,0,0
BRDA:92,5,1,9
BRDA:120,6,0,0
BRDA:120,6,1,0
BRDA:126,7,0,1
BRDA:126,7,1,1
BRDA:154,8,0,1
BRDA:154,8,1,0
BRDA:185,9,0,1
BRDA:185,9,1,0
BRDA:185,10,0,1
BRDA:185,10,1,1
BRF:22
BRH:13
end_of_record
TN:
SF:public\preload.js
FN:7,(anonymous_0)
FN:8,(anonymous_1)
FN:9,(anonymous_2)
FN:10,(anonymous_3)
FN:11,(anonymous_4)
FNF:5
FNH:5
FNDA:1,(anonymous_0)
FNDA:1,(anonymous_1)
FNDA:1,(anonymous_2)
FNDA:1,(anonymous_3)
FNDA:1,(anonymous_4)
DA:1,6
DA:5,6
DA:7,1
DA:8,1
DA:9,1
DA:10,1
DA:11,1
LF:7
LH:7
BRF:0
BRH:0
end_of_record
TN:
SF:src\App.js
FN:8,App
FN:18,(anonymous_1)
FN:19,(anonymous_2)
FN:35,(anonymous_3)
FN:39,(anonymous_4)
FN:76,(anonymous_5)
FN:120,(anonymous_6)
FN:123,(anonymous_7)
FNF:8
FNH:7
FNDA:20,App
FNDA:10,(anonymous_1)
FNDA:10,(anonymous_2)
FNDA:3,(anonymous_3)
FNDA:2,(anonymous_4)
FNDA:1,(anonymous_5)
FNDA:0,(anonymous_6)
FNDA:2,(anonymous_7)
DA:9,20
DA:10,20
DA:11,20
DA:12,20
DA:18,20
DA:19,10
DA:20,10
DA:21,10
DA:22,10
DA:23,10
DA:25,0
DA:28,0
DA:32,10
DA:35,20
DA:36,3
DA:39,20
DA:40,2
DA:42,2
DA:44,2
DA:45,2
DA:47,1
DA:49,1
DA:50,1
DA:53,1
DA:55,0
DA:57,0
DA:60,0
DA:61,0
DA:65,1
DA:66,1
DA:67,1
DA:69,0
DA:72,2
DA:76,20
DA:77,1
DA:78,1
DA:79,1
DA:81,0
DA:83,1
DA:84,1
DA:86,0
DA:87,0
DA:91,20
DA:120,0
DA:123,2
LF:45
LH:34
BRDA:21,0,0,10
BRDA:21,0,1,0
BRDA:21,1,0,10
BRDA:21,1,1,10
BRDA:40,2,0,0
BRDA:40,2,1,2
BRDA:49,3,0,1
BRDA:49,3,1,0
BRDA:49,4,0,1
BRDA:49,4,1,1
BRDA:66,5,0,1
BRDA:66,5,1,0
BRDA:66,6,0,1
BRDA:66,6,1,1
BRDA:78,7,0,1
BRDA:78,7,1,0
BRDA:78,8,0,1
BRDA:78,8,1,1
BRDA:104,9,0,2
BRDA:104,9,1,18
BRDA:114,10,0,18
BRDA:114,10,1,18
BRF:22
BRH:17
end_of_record
TN:
SF:src\components\RephrasingButtons.js
FN:8,RephrasingButtons
FN:18,(anonymous_1)
FN:25,(anonymous_2)
FNF:3
FNH:3
FNDA:4,RephrasingButtons
FNDA:16,(anonymous_1)
FNDA:4,(anonymous_2)
DA:9,4
DA:16,4
DA:19,16
DA:25,4
LF:4
LH:4
BRF:0
BRH:0
end_of_record
TN:
SF:src\components\Settings.js
FN:16,Settings
FN:21,(anonymous_1)
FN:26,(anonymous_2)
FN:72,(anonymous_3)
FN:82,(anonymous_4)
FN:107,(anonymous_5)
FNF:6
FNH:6
FNDA:11,Settings
FNDA:7,(anonymous_1)
FNDA:2,(anonymous_2)
FNDA:1,(anonymous_3)
FNDA:1,(anonymous_4)
FNDA:1,(anonymous_5)
DA:17,11
DA:18,11
DA:21,11
DA:22,7
DA:23,7
DA:26,11
DA:27,2
DA:33,11
DA:72,1
DA:83,1
DA:84,1
DA:85,1
DA:87,0
DA:107,1
LF:14
LH:13
BRDA:84,0,0,1
BRDA:84,0,1,0
BRDA:84,1,0,1
BRDA:84,1,1,1
BRF:4
BRH:3
end_of_record
TN:
SF:src\components\TextInput.js
FN:4,TextInput
FNF:1
FNH:1
FNDA:4,TextInput
DA:5,4
LF:1
LH:1
BRF:0
BRH:0
end_of_record
TN:
SF:src\services\geminiService.js
FN:4,(anonymous_0)
FN:70,(anonymous_1)
FN:124,(anonymous_2)
FNF:3
FNH:3
FNDA:8,(anonymous_0)
FNDA:7,(anonymous_1)
FNDA:8,(anonymous_2)
DA:4,1
DA:5,8
DA:15,8
DA:66,8
DA:70,1
DA:71,7
DA:80,7
DA:120,7
DA:124,1
DA:125,8
DA:127,8
DA:130,8
DA:133,8
DA:136,8
DA:137,7
DA:138,7
DA:141,7
DA:150,7
DA:153,7
DA:154,7
DA:155,7
DA:158,7
DA:173,7
DA:175,1
DA:176,1
LF:25
LH:25
BRDA:66,0,0,8
BRDA:66,0,1,0
BRDA:120,1,0,7
BRDA:120,1,1,0
BRF:4
BRH:2
end_of_record
